[2022-10-21 09:16:25] Success:Connected Successfully ,File: C:\xampp\htdocs\Php_Assignments\Assignment3\Sign_Up_Form_Assignment.php , Line :90 
[2022-10-21 09:17:08] Success:Connected Successfully ,File: C:\xampp\htdocs\Php_Assignments\Assignment3\Sign_Up_Form_Assignment.php , Line :90 
[2022-10-21 09:20:15] Success:Connected Successfully ,File: C:\xampp\htdocs\Php_Assignments\Assignment3\Sign_Up_Form_Assignment.php , Line :89 
[2022-10-21 09:20:57] Success:Connected Successfully ,File: C:\xampp\htdocs\Php_Assignments\Assignment3\Sign_Up_Form_Assignment.php , Line :89 
[2022-10-21 09:20:57] SUCCESS:Sign Up Successfully!! 
[2022-10-21 09:21:13] Success:Connected Successfully ,File: C:\xampp\htdocs\Php_Assignments\Assignment3\Sign_Up_Form_Assignment.php , Line :89 
[2022-10-21 09:21:30] Success:Connected Successfully ,File: C:\xampp\htdocs\Php_Assignments\Assignment3\Sign_Up_Form_Assignment.php , Line :89 
[2022-10-21 09:21:30] SUCCESS:Sign Up Successfully!! 
[2022-10-21 09:22:46] Success:Connected Successfully ,File: C:\xampp\htdocs\Php_Assignments\Assignment3\Sign_Up_Form_Assignment.php , Line :89 
[2022-10-21 09:25:29] Success:Connected Successfully ,File: C:\xampp\htdocs\Php_Assignments\Assignment3\Sign_Up_Form_Assignment.php , Line :89 
[2022-10-21 09:25:29] SUCCESS:Sign Up Successfully!! 
[2022-10-21 09:27:42] Success:Connected Successfully ,File: C:\xampp\htdocs\Php_Assignments\Assignment3\Sign_Up_Form_Assignment.php , Line :90 
[2022-10-21 09:27:42] SUCCESS:Sign Up Successfully!! 
[2022-10-21 09:29:47] Success:Connected Successfully ,File: C:\xampp\htdocs\Php_Assignments\Assignment3\Sign_Up_Form_Assignment.php , Line :89 
[2022-10-21 09:29:47] SUCCESS:Sign Up Successfully!! 
[2022-10-21 09:30:58] Success:Connected Successfully ,File: C:\xampp\htdocs\Php_Assignments\Assignment3\Sign_Up_Form_Assignment.php , Line :89 
[2022-10-21 09:33:41] Success:Connected Successfully ,File: C:\xampp\htdocs\Php_Assignments\Assignment3\Sign_Up_Form_Assignment.php , Line :89 
[2022-10-21 09:33:41] SUCCESS:Sign Up Successfully!! 
[2022-10-21 09:34:10] Success:Connected Successfully ,File: C:\xampp\htdocs\Php_Assignments\Assignment3\Sign_Up_Form_Assignment.php , Line :89 
[2022-10-21 09:36:45] Success:Connected Successfully ,File: C:\xampp\htdocs\Php_Assignments\Assignment3\Sign_Up_Form_Assignment.php , Line :89 
[2022-10-21 09:36:45] SUCCESS:Sign Up Successfully!! 
[2022-10-21 09:38:36] Success:Connected Successfully ,File: C:\xampp\htdocs\Php_Assignments\Assignment3\Sign_Up_Form_Assignment.php , Line :89 
[2022-10-21 09:38:36] SUCCESS:Sign Up Successfully!! 
[2022-10-21 09:41:28] Success:Connected Successfully ,File: C:\xampp\htdocs\Php_Assignments\Assignment3\Sign_Up_Form_Assignment.php , Line :88 
[2022-10-21 09:41:28] SUCCESS:Sign Up Successfully!! 
[2022-10-21 09:44:26] Success:Connected Successfully ,File: C:\xampp\htdocs\Php_Assignments\Assignment3\Sign_Up_Form_Assignment.php , Line :88 
[2022-10-21 09:44:26] SUCCESS:Sign Up Successfully 
[2022-10-21 09:46:41] Success:Connected Successfully ,File: C:\xampp\htdocs\Php_Assignments\Assignment3\Sign_Up_Form_Assignment.php , Line :88 
[2022-10-21 09:46:41] SUCCESS:Sign Up Successfully 
[2022-10-21 09:47:28] Success:Connected Successfully ,File: C:\xampp\htdocs\Php_Assignments\Assignment3\Sign_Up_Form_Assignment.php , Line :88 
[2022-10-21 09:47:28] SUCCESS:Sign Up Successfully 
[2022-10-21 10:24:38] Success:Connected Successfully ,File: C:\xampp\htdocs\Php_Assignments\Assignment3\Sign_Up_Form_Assignment.php , Line :89 
[2022-10-21 10:24:38] SUCCESS:Sign Up Successfully 
[2022-10-21 10:40:43] SUCCESS:Connected Successfully 
[2022-10-21 10:40:43] SUCCESS:Sign Up Successfully 
[2022-10-21 10:42:07] SUCCESS:Connected Successfully 
[2022-10-21 10:42:07] SUCCESS:Sign Up Successfully 
[2022-10-21 10:43:35] SUCCESS:Connected Successfully 
[2022-10-21 10:43:35] SUCCESS:Sign Up Successfully 
[2022-11-02 13:48:40] SUCCESS:Connected Successfully 
[2022-11-02 13:48:40] SUCCESS:Sign Up Successfully 
[2022-11-02 13:49:13] SUCCESS:Connected Successfully 
[2022-11-02 13:49:13] SUCCESS:Email already use 
[2022-11-02 13:50:02] SUCCESS:Connected Successfully 
[2022-11-02 13:50:02] SUCCESS:Email already use 
[2022-11-02 13:52:51] SUCCESS:Connected Successfully 
[2022-11-02 13:52:51] SUCCESS:Email already use 
[2022-11-03 06:14:12] SUCCESS:Connected Successfully 
[2022-11-03 06:14:12] SUCCESS:Sign Up Successfully 
[2022-11-03 06:14:44] SUCCESS:Connected Successfully 
[2022-11-03 06:14:44] SUCCESS:Email already use 
[2022-11-03 06:15:45] SUCCESS:Connected Successfully 
[2022-11-03 06:15:45] SUCCESS:Sign Up Successfully 
[2022-11-03 06:16:29] SUCCESS:Connected Successfully 
[2022-11-03 06:16:29] SUCCESS:Sign Up Successfully 
[2022-11-03 06:23:18] SUCCESS:Connected Successfully 
[2022-11-03 06:23:18] SUCCESS:Email already use 
[2022-11-03 06:25:21] SUCCESS:Connected Successfully 
[2022-11-17 08:26:01] SUCCESS:Connected Successfully 
[2022-11-17 08:26:02] SUCCESS:Sign Up Successfully 
